This is pdfTeX, Version 3.14159265-2.6-1.40.15 (TeX Live 2014) (preloaded format=pdflatex 2014.5.25)  2 MAY 2015 10:42
entering extended mode
 restricted \write18 enabled.
 %&-line parsing enabled.
**cs557_project_paper.tex
(./cs557_project_paper.tex
LaTeX2e <2014/05/01>
Babel <3.9k> and hyphenation patterns for 78 languages loaded.
(/usr/local/texlive/2014/texmf-dist/tex/latex/base/article.cls
Document Class: article 2007/10/19 v1.4h Standard LaTeX document class
(/usr/local/texlive/2014/texmf-dist/tex/latex/base/size12.clo
File: size12.clo 2007/10/19 v1.4h Standard LaTeX file (size option)
)
\c@part=\count79
\c@section=\count80
\c@subsection=\count81
\c@subsubsection=\count82
\c@paragraph=\count83
\c@subparagraph=\count84
\c@figure=\count85
\c@table=\count86
\abovecaptionskip=\skip41
\belowcaptionskip=\skip42
\bibindent=\dimen102
)
(/usr/local/texlive/2014/texmf-dist/tex/latex/amsmath/amsmath.sty
Package: amsmath 2013/01/14 v2.14 AMS math features
\@mathmargin=\skip43

For additional information on amsmath, use the `?' option.
(/usr/local/texlive/2014/texmf-dist/tex/latex/amsmath/amstext.sty
Package: amstext 2000/06/29 v2.01

(/usr/local/texlive/2014/texmf-dist/tex/latex/amsmath/amsgen.sty
File: amsgen.sty 1999/11/30 v2.0
\@emptytoks=\toks14
\ex@=\dimen103
))
(/usr/local/texlive/2014/texmf-dist/tex/latex/amsmath/amsbsy.sty
Package: amsbsy 1999/11/29 v1.2d
\pmbraise@=\dimen104
)
(/usr/local/texlive/2014/texmf-dist/tex/latex/amsmath/amsopn.sty
Package: amsopn 1999/12/14 v2.01 operator names
)
\inf@bad=\count87
LaTeX Info: Redefining \frac on input line 210.
\uproot@=\count88
\leftroot@=\count89
LaTeX Info: Redefining \overline on input line 306.
\classnum@=\count90
\DOTSCASE@=\count91
LaTeX Info: Redefining \ldots on input line 378.
LaTeX Info: Redefining \dots on input line 381.
LaTeX Info: Redefining \cdots on input line 466.
\Mathstrutbox@=\box26
\strutbox@=\box27
\big@size=\dimen105
LaTeX Font Info:    Redeclaring font encoding OML on input line 566.
LaTeX Font Info:    Redeclaring font encoding OMS on input line 567.
\macc@depth=\count92
\c@MaxMatrixCols=\count93
\dotsspace@=\muskip10
\c@parentequation=\count94
\dspbrk@lvl=\count95
\tag@help=\toks15
\row@=\count96
\column@=\count97
\maxfields@=\count98
\andhelp@=\toks16
\eqnshift@=\dimen106
\alignsep@=\dimen107
\tagshift@=\dimen108
\tagwidth@=\dimen109
\totwidth@=\dimen110
\lineht@=\dimen111
\@envbody=\toks17
\multlinegap=\skip44
\multlinetaggap=\skip45
\mathdisplay@stack=\toks18
LaTeX Info: Redefining \[ on input line 2665.
LaTeX Info: Redefining \] on input line 2666.
)
(/usr/local/texlive/2014/texmf-dist/tex/latex/amsfonts/amssymb.sty
Package: amssymb 2013/01/14 v3.01 AMS font symbols

(/usr/local/texlive/2014/texmf-dist/tex/latex/amsfonts/amsfonts.sty
Package: amsfonts 2013/01/14 v3.01 Basic AMSFonts support
\symAMSa=\mathgroup4
\symAMSb=\mathgroup5
LaTeX Font Info:    Overwriting math alphabet `\mathfrak' in version `bold'
(Font)                  U/euf/m/n --> U/euf/b/n on input line 106.
))
(/usr/local/texlive/2014/texmf-dist/tex/latex/graphics/graphicx.sty
Package: graphicx 2014/04/25 v1.0g Enhanced LaTeX Graphics (DPC,SPQR)

(/usr/local/texlive/2014/texmf-dist/tex/latex/graphics/keyval.sty
Package: keyval 2014/05/08 v1.15 key=value parser (DPC)
\KV@toks@=\toks19
)
(/usr/local/texlive/2014/texmf-dist/tex/latex/graphics/graphics.sty
Package: graphics 2009/02/05 v1.0o Standard LaTeX Graphics (DPC,SPQR)

(/usr/local/texlive/2014/texmf-dist/tex/latex/graphics/trig.sty
Package: trig 1999/03/16 v1.09 sin cos tan (DPC)
)
(/usr/local/texlive/2014/texmf-dist/tex/latex/latexconfig/graphics.cfg
File: graphics.cfg 2010/04/23 v1.9 graphics configuration of TeX Live
)
Package graphics Info: Driver file: pdftex.def on input line 91.

(/usr/local/texlive/2014/texmf-dist/tex/latex/pdftex-def/pdftex.def
File: pdftex.def 2011/05/27 v0.06d Graphics/color for pdfTeX

(/usr/local/texlive/2014/texmf-dist/tex/generic/oberdiek/infwarerr.sty
Package: infwarerr 2010/04/08 v1.3 Providing info/warning/error messages (HO)
)
(/usr/local/texlive/2014/texmf-dist/tex/generic/oberdiek/ltxcmds.sty
Package: ltxcmds 2011/11/09 v1.22 LaTeX kernel commands for general use (HO)
)
\Gread@gobject=\count99
))
\Gin@req@height=\dimen112
\Gin@req@width=\dimen113
)
(/usr/local/texlive/2014/texmf-dist/tex/latex/url/url.sty
\Urlmuskip=\muskip11
Package: url 2013/09/16  ver 3.4  Verb mode for urls, etc.
)
(./cs557_project_paper.aux)
\openout1 = `cs557_project_paper.aux'.

LaTeX Font Info:    Checking defaults for OML/cmm/m/it on input line 21.
LaTeX Font Info:    ... okay on input line 21.
LaTeX Font Info:    Checking defaults for T1/cmr/m/n on input line 21.
LaTeX Font Info:    ... okay on input line 21.
LaTeX Font Info:    Checking defaults for OT1/cmr/m/n on input line 21.
LaTeX Font Info:    ... okay on input line 21.
LaTeX Font Info:    Checking defaults for OMS/cmsy/m/n on input line 21.
LaTeX Font Info:    ... okay on input line 21.
LaTeX Font Info:    Checking defaults for OMX/cmex/m/n on input line 21.
LaTeX Font Info:    ... okay on input line 21.
LaTeX Font Info:    Checking defaults for U/cmr/m/n on input line 21.
LaTeX Font Info:    ... okay on input line 21.

(/usr/local/texlive/2014/texmf-dist/tex/context/base/supp-pdf.mkii
[Loading MPS to PDF converter (version 2006.09.02).]
\scratchcounter=\count100
\scratchdimen=\dimen114
\scratchbox=\box28
\nofMPsegments=\count101
\nofMParguments=\count102
\everyMPshowfont=\toks20
\MPscratchCnt=\count103
\MPscratchDim=\dimen115
\MPnumerator=\count104
\makeMPintoPDFobject=\count105
\everyMPtoPDFconversion=\toks21
) (/usr/local/texlive/2014/texmf-dist/tex/generic/oberdiek/pdftexcmds.sty
Package: pdftexcmds 2011/11/29 v0.20 Utility functions of pdfTeX for LuaTeX (HO
)

(/usr/local/texlive/2014/texmf-dist/tex/generic/oberdiek/ifluatex.sty
Package: ifluatex 2010/03/01 v1.3 Provides the ifluatex switch (HO)
Package ifluatex Info: LuaTeX not detected.
)
(/usr/local/texlive/2014/texmf-dist/tex/generic/oberdiek/ifpdf.sty
Package: ifpdf 2011/01/30 v2.3 Provides the ifpdf switch (HO)
Package ifpdf Info: pdfTeX in PDF mode is detected.
)
Package pdftexcmds Info: LuaTeX not detected.
Package pdftexcmds Info: \pdf@primitive is available.
Package pdftexcmds Info: \pdf@ifprimitive is available.
Package pdftexcmds Info: \pdfdraftmode found.
)
(/usr/local/texlive/2014/texmf-dist/tex/latex/oberdiek/epstopdf-base.sty
Package: epstopdf-base 2010/02/09 v2.5 Base part for package epstopdf

(/usr/local/texlive/2014/texmf-dist/tex/latex/oberdiek/grfext.sty
Package: grfext 2010/08/19 v1.1 Manage graphics extensions (HO)

(/usr/local/texlive/2014/texmf-dist/tex/generic/oberdiek/kvdefinekeys.sty
Package: kvdefinekeys 2011/04/07 v1.3 Define keys (HO)
))
(/usr/local/texlive/2014/texmf-dist/tex/latex/oberdiek/kvoptions.sty
Package: kvoptions 2011/06/30 v3.11 Key value format for package options (HO)

(/usr/local/texlive/2014/texmf-dist/tex/generic/oberdiek/kvsetkeys.sty
Package: kvsetkeys 2012/04/25 v1.16 Key value parser (HO)

(/usr/local/texlive/2014/texmf-dist/tex/generic/oberdiek/etexcmds.sty
Package: etexcmds 2011/02/16 v1.5 Avoid name clashes with e-TeX commands (HO)
Package etexcmds Info: Could not find \expanded.
(etexcmds)             That can mean that you are not using pdfTeX 1.50 or
(etexcmds)             that some package has redefined \expanded.
(etexcmds)             In the latter case, load this package earlier.
)))
Package grfext Info: Graphics extension search list:
(grfext)             [.png,.pdf,.jpg,.mps,.jpeg,.jbig2,.jb2,.PNG,.PDF,.JPG,.JPE
G,.JBIG2,.JB2,.eps]
(grfext)             \AppendGraphicsExtensions on input line 452.

(/usr/local/texlive/2014/texmf-dist/tex/latex/latexconfig/epstopdf-sys.cfg
File: epstopdf-sys.cfg 2010/07/13 v1.3 Configuration of (r)epstopdf for TeX Liv
e
))
LaTeX Font Info:    Try loading font information for U+msa on input line 24.

(/usr/local/texlive/2014/texmf-dist/tex/latex/amsfonts/umsa.fd
File: umsa.fd 2013/01/14 v3.01 AMS symbols A
)
LaTeX Font Info:    Try loading font information for U+msb on input line 24.

(/usr/local/texlive/2014/texmf-dist/tex/latex/amsfonts/umsb.fd
File: umsb.fd 2013/01/14 v3.01 AMS symbols B
)
Underfull \vbox (badness 10000) has occurred while \output is active []

 [1{/usr/local/texlive/2014/texmf-var/fonts/map/pdftex/updmap/pdftex.map}


] [2]
<system_overview.png, id=12, 573.14125pt x 177.66376pt>
File: system_overview.png Graphic file (type png)

<use system_overview.png>
Package pdftex.def Info: system_overview.png used on input line 68.
(pdftex.def)             Requested size: 234.5pt x 72.6908pt.

Overfull \hbox (5.0pt too wide) in paragraph at lines 68--69
 [][] 
 []

LaTeX Font Info:    Try loading font information for OMS+cmr on input line 81.
(/usr/local/texlive/2014/texmf-dist/tex/latex/base/omscmr.fd
File: omscmr.fd 1999/05/25 v2.5h Standard LaTeX font definitions
)
LaTeX Font Info:    Font shape `OMS/cmr/m/n' in size <12> not available
(Font)              Font shape `OMS/cmsy/m/n' tried instead on input line 81.

Underfull \hbox (badness 1424) in paragraph at lines 83--84
\OT1/cmr/m/n/12 the all-user model and the per-sonal
 []


Underfull \hbox (badness 1342) in paragraph at lines 92--93
\OT1/cmr/m/n/12 the $\OML/cmm/m/it/12 i[]$ \OT1/cmr/m/n/12 point's value $\OML/
cmm/m/it/12 samplePoint\OT1/cmr/m/n/12 [\OML/cmm/m/it/12 i\OT1/cmr/m/n/12 ]$ an
d
 []


Underfull \hbox (badness 3407) in paragraph at lines 92--93
\OT1/cmr/m/n/12 1]$, the change value $\OML/cmm/m/it/12 changeValue\OT1/cmr/m/n
/12 [\OML/cmm/m/it/12 i\OT1/cmr/m/n/12 ]$ is
 []

[3 <./system_overview.png>]
Underfull \hbox (badness 3503) in paragraph at lines 96--97
\OT1/cmr/m/n/12 ing move-ment: J48, RBFNet-work and
 []


Underfull \hbox (badness 3746) in paragraph at lines 102--103
[]\OT1/cmr/m/n/12 MultiplayerPerceptron: Mul-ti-play-er-Per-
 []


Underfull \hbox (badness 1642) in paragraph at lines 116--117
[]\OT1/cmr/m/n/12 First we test to see how many sam-
 []

<acquire2.png, id=21, 170.6375pt x 62.2325pt>
File: acquire2.png Graphic file (type png)
 <use acquire2.png>
Package pdftex.def Info: acquire2.png used on input line 126.
(pdftex.def)             Requested size: 93.79857pt x 34.20898pt.

<acquire3.png, id=22, 157.58875pt x 61.22874pt>
File: acquire3.png Graphic file (type png)
 <use acquire3.png>
Package pdftex.def Info: acquire3.png used on input line 127.
(pdftex.def)             Requested size: 93.79857pt x 36.44415pt.

<acquire4.png, id=23, 158.5925pt x 61.22874pt>
File: acquire4.png Graphic file (type png)
 <use acquire4.png>
Package pdftex.def Info: acquire4.png used on input line 128.
(pdftex.def)             Requested size: 93.79857pt x 36.21432pt.

<acquire5.png, id=24, 168.63pt x 62.2325pt>
File: acquire5.png Graphic file (type png)
 <use acquire5.png>
Package pdftex.def Info: acquire5.png used on input line 129.
(pdftex.def)             Requested size: 93.79857pt x 34.61635pt.
 [4]
Underfull \vbox (badness 10000) has occurred while \output is active []


<pre_j48.png, id=28, 1003.75pt x 605.26125pt>
File: pre_j48.png Graphic file (type png)
 <use pre_j48.png>
Package pdftex.def Info: pre_j48.png used on input line 155.
(pdftex.def)             Requested size: 234.5pt x 141.40521pt.

Overfull \hbox (5.0pt too wide) in paragraph at lines 155--156
 [][] 
 []

<pre_rbfnetwork.png, id=29, 1003.75pt x 603.25375pt>
File: pre_rbfnetwork.png Graphic file (type png)
 <use pre_rbfnetwork.png>
Package pdftex.def Info: pre_rbfnetwork.png used on input line 163.
(pdftex.def)             Requested size: 234.5pt x 140.9362pt.

Overfull \hbox (5.0pt too wide) in paragraph at lines 163--164
 [][] 
 []

[5 <./acquire2.png> <./acquire3.png> <./acquire4.png> <./acquire5.png> <./pre_j
48.png>] <result_j48.png, id=38, 444.66125pt x 142.5325pt>
File: result_j48.png Graphic file (type png)

<use result_j48.png>
Package pdftex.def Info: result_j48.png used on input line 177.
(pdftex.def)             Requested size: 234.5pt x 75.1656pt.

Overfull \hbox (5.0pt too wide) in paragraph at lines 177--178
 [][] 
 []

<result_rbfnetwork.png, id=39, 448.67625pt x 202.7575pt>
File: result_rbfnetwork.png Graphic file (type png)

<use result_rbfnetwork.png>
Package pdftex.def Info: result_rbfnetwork.png used on input line 185.
(pdftex.def)             Requested size: 234.5pt x 105.96973pt.

Overfull \hbox (5.0pt too wide) in paragraph at lines 185--186
 [][] 
 []

[6 <./pre_rbfnetwork.png> <./result_j48.png> <./result_rbfnetwork.png>]
<j48_tree_m.png, id=46, 501.875pt x 402.50375pt>
File: j48_tree_m.png Graphic file (type png)
 <use j48_tree_m.png>
Package pdftex.def Info: j48_tree_m.png used on input line 202.
(pdftex.def)             Requested size: 187.59714pt x 150.45334pt.

<j48_tree_f.png, id=47, 497.86pt x 403.5075pt>
File: j48_tree_f.png Graphic file (type png)
 <use j48_tree_f.png>
Package pdftex.def Info: j48_tree_f.png used on input line 203.
(pdftex.def)             Requested size: 187.59714pt x 152.04762pt.

<app_training.png, id=48, 1445.4pt x 2569.6pt>
File: app_training.png Graphic file (type png)
 <use app_training.png>
Package pdftex.def Info: app_training.png used on input line 215.
(pdftex.def)             Requested size: 93.79857pt x 166.71619pt.

<app_test.png, id=49, 1445.4pt x 2569.6pt>
File: app_test.png Graphic file (type png)
 <use app_test.png>
Package pdftex.def Info: app_test.png used on input line 223.
(pdftex.def)             Requested size: 93.79857pt x 166.71619pt.

Underfull \vbox (badness 10000) has occurred while \output is active []

 [7 <./j48_tree_m.png> <./j48_tree_f.png> <./app_training.png> <./app_test.png>
]
(./cs557_project_paper.bbl
Missing character: There is no â in font cmr12!
Missing character: There is no € in font cmr12!
Missing character: There is no ” in font cmr12!

Underfull \hbox (badness 10000) in paragraph at lines 10--13
[]\OT1/cmr/m/n/12 Chickpin.  Chick-pin drink-
 []


Underfull \hbox (badness 10000) in paragraph at lines 10--13
\OT1/cmr/m/n/12 ing wa-ter ap-pli-ca-tion.  $\OT1/cmtt/m/n/12 https :
 []


Underfull \hbox (badness 10000) in paragraph at lines 10--13
\OT1/cmtt/m/n/12 / / play . google . com / store / apps /
 []


Underfull \hbox (badness 4872) in paragraph at lines 15--19
[]\OT1/cmr/m/n/12 Health, Fit-ness:body wa-ter tracker,
 []


Underfull \hbox (badness 2285) in paragraph at lines 15--19
\OT1/cmr/m/n/12 ap-pli-ca-tion.  $\OT1/cmtt/m/n/12 https : / / play . google .
 []


Underfull \hbox (badness 10000) in paragraph at lines 15--19
\OT1/cmtt/m/n/12 com / store / apps / details ? id = com .
 []

[8]
Underfull \hbox (badness 4556) in paragraph at lines 26--33
[]\OT1/cmr/m/n/12 Abhinav Parate, Meng-Chieh Chiu,
 []


Underfull \hbox (badness 3449) in paragraph at lines 35--39
[]\OT1/cmr/m/n/12 Google.  An-droid sen-sor.  $\OT1/cmtt/m/n/12 http :
 []


Underfull \hbox (badness 10000) in paragraph at lines 35--39
\OT1/cmtt/m/n/12 / / developer . android . com /
 []


Underfull \hbox (badness 10000) in paragraph at lines 35--39
\OT1/cmtt/m/n/12 reference / android / hardware /
 []


Underfull \hbox (badness 10000) in paragraph at lines 41--46
[]\OT1/cmr/m/n/12 Robert LiKamWa, Yunxin Liu,
 []


Underfull \hbox (badness 2689) in paragraph at lines 41--46
\OT1/cmr/m/n/12 Nicholas D. Lane, and Lin Zhong.
 []

Missing character: There is no â in font cmr12!
Missing character: There is no € in font cmr12!
Missing character: There is no “ in font cmr12!
Missing character: There is no â in font cmr12!
Missing character: There is no € in font cmr12!
Missing character: There is no ” in font cmr12!
) [9] (./cs557_project_paper.aux) ) 
Here is how much of TeX's memory you used:
 2561 strings out of 493117
 34414 string characters out of 6135433
 96105 words of memory out of 5000000
 5975 multiletter control sequences out of 15000+600000
 12612 words of font info for 49 fonts, out of 8000000 for 9000
 1141 hyphenation exceptions out of 8191
 37i,7n,26p,1268b,256s stack positions out of 5000i,500n,10000p,200000b,80000s
</usr/local/texlive/2014/texmf-dist/fonts/ty
pe1/public/amsfonts/cm/cmbx12.pfb></usr/local/texlive/2014/texmf-dist/fonts/typ
e1/public/amsfonts/cm/cmmi12.pfb></usr/local/texlive/2014/texmf-dist/fonts/type
1/public/amsfonts/cm/cmr12.pfb></usr/local/texlive/2014/texmf-dist/fonts/type1/
public/amsfonts/cm/cmr17.pfb></usr/local/texlive/2014/texmf-dist/fonts/type1/pu
blic/amsfonts/cm/cmr8.pfb></usr/local/texlive/2014/texmf-dist/fonts/type1/publi
c/amsfonts/cm/cmsy10.pfb></usr/local/texlive/2014/texmf-dist/fonts/type1/public
/amsfonts/cm/cmti12.pfb></usr/local/texlive/2014/texmf-dist/fonts/type1/public/
amsfonts/cm/cmtt12.pfb>
Output written on cs557_project_paper.pdf (9 pages, 584058 bytes).
PDF statistics:
 91 PDF objects out of 1000 (max. 8388607)
 47 compressed objects within 1 object stream
 0 named destinations out of 1000 (max. 500000)
 66 words of extra memory for PDF output out of 10000 (max. 10000000)

